SF:lib/src/features/diary/bloc/diary_cubit.dart
DA:12,1
DA:15,2
DA:17,1
DA:18,4
DA:21,2
DA:22,1
DA:23,1
DA:24,0
DA:26,3
DA:27,3
DA:31,1
DA:32,2
DA:33,1
DA:34,1
DA:35,5
DA:36,3
DA:39,1
DA:40,3
DA:41,3
DA:42,1
DA:43,4
DA:44,4
LF:22
LH:21
end_of_record
SF:lib/src/features/diary/bloc/diary_state.dart
DA:10,5
DA:16,1
DA:24,1
DA:29,1
DA:30,1
DA:31,1
DA:36,1
DA:37,4
LF:8
LH:8
end_of_record
SF:lib/src/features/diary/view/new_diary_page.dart
DA:7,0
DA:9,0
DA:11,0
DA:12,0
DA:13,0
DA:14,0
DA:15,0
DA:17,0
DA:18,0
DA:35,0
DA:36,0
DA:41,0
DA:42,0
DA:44,0
DA:45,0
DA:46,0
DA:53,0
DA:54,0
DA:57,0
DA:59,0
DA:60,0
DA:62,0
DA:64,0
DA:65,0
LF:24
LH:0
end_of_record
SF:lib/src/features/diary/view/widgets/add_photos_section.dart
DA:17,0
DA:27,0
DA:29,0
DA:31,0
DA:33,0
DA:34,0
DA:35,0
DA:36,0
DA:38,0
DA:39,0
DA:40,0
DA:41,0
DA:43,0
DA:44,0
DA:50,0
DA:57,0
DA:59,0
DA:60,0
DA:61,0
DA:78,0
DA:82,0
DA:83,0
DA:85,0
DA:86,0
DA:89,0
DA:90,0
DA:93,0
DA:94,0
DA:96,0
LF:29
LH:0
end_of_record
SF:lib/src/features/diary/view/widgets/comments_section.dart
DA:7,6
DA:9,1
DA:11,1
DA:13,1
DA:16,1
DA:17,1
DA:18,1
DA:20,1
LF:8
LH:8
end_of_record
SF:lib/src/features/diary/view/widgets/details_section.dart
DA:5,5
DA:7,1
DA:9,1
DA:11,1
DA:14,1
LF:5
LH:5
end_of_record
SF:lib/src/features/diary/view/widgets/help_section.dart
DA:6,6
DA:8,1
DA:10,1
DA:16,1
DA:18,1
DA:25,1
DA:27,1
LF:7
LH:7
end_of_record
SF:lib/src/features/diary/view/widgets/link_event_section.dart
DA:9,0
DA:15,0
DA:17,0
DA:19,0
DA:21,0
DA:22,0
DA:23,0
DA:25,0
DA:26,0
DA:29,0
LF:10
LH:0
end_of_record
SF:lib/src/features/diary/view/widgets/location_section.dart
DA:6,4
DA:11,0
DA:13,0
DA:15,0
DA:22,0
DA:23,0
DA:26,0
LF:7
LH:1
end_of_record
SF:lib/src/widgets/green_button.dart
DA:11,0
DA:19,0
DA:21,0
DA:22,0
DA:23,0
DA:24,0
DA:25,0
DA:27,0
DA:28,0
DA:30,0
DA:31,0
LF:11
LH:0
end_of_record
SF:lib/src/widgets/titled_card.dart
DA:11,2
DA:19,2
DA:21,2
DA:22,6
DA:23,2
DA:25,2
DA:27,2
DA:28,2
DA:29,2
DA:30,2
DA:31,2
DA:33,2
DA:34,2
DA:35,2
DA:38,2
DA:42,2
DA:43,0
DA:51,2
DA:53,2
LF:19
LH:18
end_of_record
SF:lib/src/widgets/titled_checkbox.dart
DA:12,0
DA:21,0
DA:23,0
DA:25,0
DA:26,0
DA:27,0
DA:28,0
DA:29,0
DA:30,0
DA:31,0
DA:34,0
DA:37,0
DA:38,0
DA:39,0
DA:41,0
DA:42,0
LF:16
LH:0
end_of_record
